<?xml version="1.0" encoding="UTF-8"?>
<testsuite name="grid.bit.controller.GridCellControllerTest" tests="1" skipped="0" failures="0" errors="0" timestamp="2022-01-21T16:23:49" hostname="CORN" time="1.426">
  <properties/>
  <testcase name="setValueInCell()" classname="grid.bit.controller.GridCellControllerTest" time="1.426"/>
  <system-out><![CDATA[19:23:37.535 [Test worker] DEBUG org.springframework.test.context.BootstrapUtils - Instantiating CacheAwareContextLoaderDelegate from class [org.springframework.test.context.cache.DefaultCacheAwareContextLoaderDelegate]
19:23:37.574 [Test worker] DEBUG org.springframework.test.context.BootstrapUtils - Instantiating BootstrapContext using constructor [public org.springframework.test.context.support.DefaultBootstrapContext(java.lang.Class,org.springframework.test.context.CacheAwareContextLoaderDelegate)]
19:23:37.623 [Test worker] DEBUG org.springframework.test.context.BootstrapUtils - Instantiating TestContextBootstrapper for test class [grid.bit.controller.GridCellControllerTest] from class [org.springframework.boot.test.context.SpringBootTestContextBootstrapper]
19:23:37.645 [Test worker] INFO org.springframework.boot.test.context.SpringBootTestContextBootstrapper - Neither @ContextConfiguration nor @ContextHierarchy found for test class [grid.bit.controller.GridCellControllerTest], using SpringBootContextLoader
19:23:37.656 [Test worker] DEBUG org.springframework.test.context.support.AbstractContextLoader - Did not detect default resource location for test class [grid.bit.controller.GridCellControllerTest]: class path resource [grid/bit/controller/GridCellControllerTest-context.xml] does not exist
19:23:37.658 [Test worker] DEBUG org.springframework.test.context.support.AbstractContextLoader - Did not detect default resource location for test class [grid.bit.controller.GridCellControllerTest]: class path resource [grid/bit/controller/GridCellControllerTestContext.groovy] does not exist
19:23:37.659 [Test worker] INFO org.springframework.test.context.support.AbstractContextLoader - Could not detect default resource locations for test class [grid.bit.controller.GridCellControllerTest]: no resource found for suffixes {-context.xml, Context.groovy}.
19:23:37.660 [Test worker] INFO org.springframework.test.context.support.AnnotationConfigContextLoaderUtils - Could not detect default configuration classes for test class [grid.bit.controller.GridCellControllerTest]: GridCellControllerTest does not declare any static, non-private, non-final, nested classes annotated with @Configuration.
19:23:37.952 [Test worker] DEBUG org.springframework.context.annotation.ClassPathScanningCandidateComponentProvider - Identified candidate component class: file [D:\!_Tests_tasks\bit-grid\build\classes\java\main\grid\bit\Application.class]
19:23:37.955 [Test worker] INFO org.springframework.boot.test.context.SpringBootTestContextBootstrapper - Found @SpringBootConfiguration grid.bit.Application for test class grid.bit.controller.GridCellControllerTest
19:23:38.184 [Test worker] DEBUG org.springframework.boot.test.context.SpringBootTestContextBootstrapper - @TestExecutionListeners is not present for class [grid.bit.controller.GridCellControllerTest]: using defaults.
19:23:38.186 [Test worker] INFO org.springframework.boot.test.context.SpringBootTestContextBootstrapper - Loaded default TestExecutionListener class names from location [META-INF/spring.factories]: [org.springframework.boot.test.autoconfigure.restdocs.RestDocsTestExecutionListener, org.springframework.boot.test.autoconfigure.web.client.MockRestServiceServerResetTestExecutionListener, org.springframework.boot.test.autoconfigure.web.servlet.MockMvcPrintOnlyOnFailureTestExecutionListener, org.springframework.boot.test.autoconfigure.web.servlet.WebDriverTestExecutionListener, org.springframework.boot.test.autoconfigure.webservices.client.MockWebServiceServerTestExecutionListener, org.springframework.boot.test.mock.mockito.MockitoTestExecutionListener, org.springframework.boot.test.mock.mockito.ResetMocksTestExecutionListener, org.springframework.test.context.web.ServletTestExecutionListener, org.springframework.test.context.support.DirtiesContextBeforeModesTestExecutionListener, org.springframework.test.context.event.ApplicationEventsTestExecutionListener, org.springframework.test.context.support.DependencyInjectionTestExecutionListener, org.springframework.test.context.support.DirtiesContextTestExecutionListener, org.springframework.test.context.transaction.TransactionalTestExecutionListener, org.springframework.test.context.jdbc.SqlScriptsTestExecutionListener, org.springframework.test.context.event.EventPublishingTestExecutionListener]
19:23:38.219 [Test worker] INFO org.springframework.boot.test.context.SpringBootTestContextBootstrapper - Using TestExecutionListeners: [org.springframework.test.context.web.ServletTestExecutionListener@9fecdf1, org.springframework.test.context.support.DirtiesContextBeforeModesTestExecutionListener@3b809711, org.springframework.test.context.event.ApplicationEventsTestExecutionListener@3b0f7d9d, org.springframework.boot.test.mock.mockito.MockitoTestExecutionListener@236ab296, org.springframework.boot.test.autoconfigure.SpringBootDependencyInjectionTestExecutionListener@5c84624f, org.springframework.test.context.support.DirtiesContextTestExecutionListener@63034ed1, org.springframework.test.context.transaction.TransactionalTestExecutionListener@232024b9, org.springframework.test.context.jdbc.SqlScriptsTestExecutionListener@55a8dc49, org.springframework.test.context.event.EventPublishingTestExecutionListener@2a415aa9, org.springframework.boot.test.autoconfigure.restdocs.RestDocsTestExecutionListener@53cdecf6, org.springframework.boot.test.autoconfigure.web.client.MockRestServiceServerResetTestExecutionListener@71ea1fda, org.springframework.boot.test.autoconfigure.web.servlet.MockMvcPrintOnlyOnFailureTestExecutionListener@62b3df3a, org.springframework.boot.test.autoconfigure.web.servlet.WebDriverTestExecutionListener@420745d7, org.springframework.boot.test.autoconfigure.webservices.client.MockWebServiceServerTestExecutionListener@7e11ab3d, org.springframework.boot.test.mock.mockito.ResetMocksTestExecutionListener@5fa47fea]
19:23:38.321 [Test worker] DEBUG org.springframework.boot.ApplicationServletEnvironment - Activating profiles []
19:23:38.328 [Test worker] DEBUG org.springframework.test.context.support.TestPropertySourceUtils - Adding inlined properties to environment: {spring.jmx.enabled=false, org.springframework.boot.test.context.SpringBootTestContextBootstrapper=true}

  .   ____          _            __ _ _
 /\\ / ___'_ __ _ _(_)_ __  __ _ \ \ \ \
( ( )\___ | '_ | '_| | '_ \/ _` | \ \ \ \
 \\/  ___)| |_)| | | | | || (_| |  ) ) ) )
  '  |____| .__|_| |_|_| |_\__, | / / / /
 =========|_|==============|___/=/_/_/_/
 :: Spring Boot ::                (v2.6.2)

2022-01-21 19:23:39.387  INFO 334504 --- [    Test worker] g.bit.controller.GridCellControllerTest  : Starting GridCellControllerTest using Java 11.0.9.1 on corn with PID 334504 (started by IT in D:\!_Tests_tasks\bit-grid)
2022-01-21 19:23:39.389 DEBUG 334504 --- [    Test worker] g.bit.controller.GridCellControllerTest  : Running with Spring Boot v2.6.2, Spring v5.3.14
2022-01-21 19:23:39.389  INFO 334504 --- [    Test worker] g.bit.controller.GridCellControllerTest  : The following profiles are active: test
2022-01-21 19:23:41.422  INFO 334504 --- [    Test worker] .s.d.r.c.RepositoryConfigurationDelegate : Bootstrapping Spring Data JPA repositories in DEFAULT mode.
2022-01-21 19:23:41.443 DEBUG 334504 --- [    Test worker] .s.d.r.c.RepositoryConfigurationDelegate : Scanning for JPA repositories in packages grid.bit.
2022-01-21 19:23:41.460 TRACE 334504 --- [    Test worker] o.s.d.r.c.RepositoryComponentProvider    : Scanning file [D:\!_Tests_tasks\bit-grid\build\classes\java\test\grid\bit\AbstractIntegrationTest.class]
2022-01-21 19:23:41.461 TRACE 334504 --- [    Test worker] o.s.d.r.c.RepositoryComponentProvider    : Ignored because not matching any filter: file [D:\!_Tests_tasks\bit-grid\build\classes\java\test\grid\bit\AbstractIntegrationTest.class]
2022-01-21 19:23:41.461 TRACE 334504 --- [    Test worker] o.s.d.r.c.RepositoryComponentProvider    : Scanning file [D:\!_Tests_tasks\bit-grid\build\classes\java\test\grid\bit\controller\GridCellControllerTest.class]
2022-01-21 19:23:41.478 TRACE 334504 --- [    Test worker] o.s.d.r.c.RepositoryComponentProvider    : Ignored because not matching any filter: file [D:\!_Tests_tasks\bit-grid\build\classes\java\test\grid\bit\controller\GridCellControllerTest.class]
2022-01-21 19:23:41.480 TRACE 334504 --- [    Test worker] o.s.d.r.c.RepositoryComponentProvider    : Scanning file [D:\!_Tests_tasks\bit-grid\build\classes\java\test\grid\bit\controller\GridColumnControllerTest.class]
2022-01-21 19:23:41.482 TRACE 334504 --- [    Test worker] o.s.d.r.c.RepositoryComponentProvider    : Ignored because not matching any filter: file [D:\!_Tests_tasks\bit-grid\build\classes\java\test\grid\bit\controller\GridColumnControllerTest.class]
2022-01-21 19:23:41.483 TRACE 334504 --- [    Test worker] o.s.d.r.c.RepositoryComponentProvider    : Scanning file [D:\!_Tests_tasks\bit-grid\build\classes\java\test\grid\bit\controller\GridControllerTest.class]
2022-01-21 19:23:41.483 TRACE 334504 --- [    Test worker] o.s.d.r.c.RepositoryComponentProvider    : Ignored because not matching any filter: file [D:\!_Tests_tasks\bit-grid\build\classes\java\test\grid\bit\controller\GridControllerTest.class]
2022-01-21 19:23:41.484 TRACE 334504 --- [    Test worker] o.s.d.r.c.RepositoryComponentProvider    : Scanning file [D:\!_Tests_tasks\bit-grid\build\classes\java\test\grid\bit\utils\RandomFakeDataUtils.class]
2022-01-21 19:23:41.484 TRACE 334504 --- [    Test worker] o.s.d.r.c.RepositoryComponentProvider    : Ignored because not matching any filter: file [D:\!_Tests_tasks\bit-grid\build\classes\java\test\grid\bit\utils\RandomFakeDataUtils.class]
2022-01-21 19:23:41.485 TRACE 334504 --- [    Test worker] o.s.d.r.c.RepositoryComponentProvider    : Scanning file [D:\!_Tests_tasks\bit-grid\build\classes\java\main\grid\bit\Application.class]
2022-01-21 19:23:41.486 TRACE 334504 --- [    Test worker] o.s.d.r.c.RepositoryComponentProvider    : Ignored because not matching any filter: file [D:\!_Tests_tasks\bit-grid\build\classes\java\main\grid\bit\Application.class]
2022-01-21 19:23:41.487 TRACE 334504 --- [    Test worker] o.s.d.r.c.RepositoryComponentProvider    : Scanning file [D:\!_Tests_tasks\bit-grid\build\classes\java\main\grid\bit\component\dto\GridCellDto.class]
2022-01-21 19:23:41.488 TRACE 334504 --- [    Test worker] o.s.d.r.c.RepositoryComponentProvider    : Ignored because not matching any filter: file [D:\!_Tests_tasks\bit-grid\build\classes\java\main\grid\bit\component\dto\GridCellDto.class]
2022-01-21 19:23:41.489 TRACE 334504 --- [    Test worker] o.s.d.r.c.RepositoryComponentProvider    : Scanning file [D:\!_Tests_tasks\bit-grid\build\classes\java\main\grid\bit\component\dto\GridColumnDto.class]
2022-01-21 19:23:41.491 TRACE 334504 --- [    Test worker] o.s.d.r.c.RepositoryComponentProvider    : Ignored because not matching any filter: file [D:\!_Tests_tasks\bit-grid\build\classes\java\main\grid\bit\component\dto\GridColumnDto.class]
2022-01-21 19:23:41.492 TRACE 334504 --- [    Test worker] o.s.d.r.c.RepositoryComponentProvider    : Scanning file [D:\!_Tests_tasks\bit-grid\build\classes\java\main\grid\bit\component\dto\GridRowDto.class]
2022-01-21 19:23:41.493 TRACE 334504 --- [    Test worker] o.s.d.r.c.RepositoryComponentProvider    : Ignored because not matching any filter: file [D:\!_Tests_tasks\bit-grid\build\classes\java\main\grid\bit\component\dto\GridRowDto.class]
2022-01-21 19:23:41.494 TRACE 334504 --- [    Test worker] o.s.d.r.c.RepositoryComponentProvider    : Scanning file [D:\!_Tests_tasks\bit-grid\build\classes\java\main\grid\bit\component\dto\PrefixDto.class]
2022-01-21 19:23:41.495 TRACE 334504 --- [    Test worker] o.s.d.r.c.RepositoryComponentProvider    : Ignored because not matching any filter: file [D:\!_Tests_tasks\bit-grid\build\classes\java\main\grid\bit\component\dto\PrefixDto.class]
2022-01-21 19:23:41.496 TRACE 334504 --- [    Test worker] o.s.d.r.c.RepositoryComponentProvider    : Scanning file [D:\!_Tests_tasks\bit-grid\build\classes\java\main\grid\bit\component\mapper\CommonMapperForCycleAvoiding.class]
2022-01-21 19:23:41.501 TRACE 334504 --- [    Test worker] o.s.d.r.c.RepositoryComponentProvider    : Ignored because not matching any filter: file [D:\!_Tests_tasks\bit-grid\build\classes\java\main\grid\bit\component\mapper\CommonMapperForCycleAvoiding.class]
2022-01-21 19:23:41.504 TRACE 334504 --- [    Test worker] o.s.d.r.c.RepositoryComponentProvider    : Scanning file [D:\!_Tests_tasks\bit-grid\build\classes\java\main\grid\bit\component\mapper\CycleAvoidingMappingContext.class]
2022-01-21 19:23:41.505 TRACE 334504 --- [    Test worker] o.s.d.r.c.RepositoryComponentProvider    : Ignored because not matching any filter: file [D:\!_Tests_tasks\bit-grid\build\classes\java\main\grid\bit\component\mapper\CycleAvoidingMappingContext.class]
2022-01-21 19:23:41.505 TRACE 334504 --- [    Test worker] o.s.d.r.c.RepositoryComponentProvider    : Scanning file [D:\!_Tests_tasks\bit-grid\build\classes\java\main\grid\bit\component\mapper\column\ColumnMapper.class]
2022-01-21 19:23:41.506 TRACE 334504 --- [    Test worker] o.s.d.r.c.RepositoryComponentProvider    : Ignored because not matching any filter: file [D:\!_Tests_tasks\bit-grid\build\classes\java\main\grid\bit\component\mapper\column\ColumnMapper.class]
2022-01-21 19:23:41.506 TRACE 334504 --- [    Test worker] o.s.d.r.c.RepositoryComponentProvider    : Scanning file [D:\!_Tests_tasks\bit-grid\build\classes\java\main\grid\bit\component\mapper\column\ColumnMapperImpl.class]
2022-01-21 19:23:41.507 TRACE 334504 --- [    Test worker] o.s.d.r.c.RepositoryComponentProvider    : Ignored because not matching any filter: file [D:\!_Tests_tasks\bit-grid\build\classes\java\main\grid\bit\component\mapper\column\ColumnMapperImpl.class]
2022-01-21 19:23:41.509 TRACE 334504 --- [    Test worker] o.s.d.r.c.RepositoryComponentProvider    : Scanning file [D:\!_Tests_tasks\bit-grid\build\classes\java\main\grid\bit\component\mapper\grid\GridMapper.class]
2022-01-21 19:23:41.510 TRACE 334504 --- [    Test worker] o.s.d.r.c.RepositoryComponentProvider    : Ignored because not matching any filter: file [D:\!_Tests_tasks\bit-grid\build\classes\java\main\grid\bit\component\mapper\grid\GridMapper.class]
2022-01-21 19:23:41.514 TRACE 334504 --- [    Test worker] o.s.d.r.c.RepositoryComponentProvider    : Scanning file [D:\!_Tests_tasks\bit-grid\build\classes\java\main\grid\bit\component\mapper\grid\GridMapperImpl.class]
2022-01-21 19:23:41.516 TRACE 334504 --- [    Test worker] o.s.d.r.c.RepositoryComponentProvider    : Ignored because not matching any filter: file [D:\!_Tests_tasks\bit-grid\build\classes\java\main\grid\bit\component\mapper\grid\GridMapperImpl.class]
2022-01-21 19:23:41.516 TRACE 334504 --- [    Test worker] o.s.d.r.c.RepositoryComponentProvider    : Scanning file [D:\!_Tests_tasks\bit-grid\build\classes\java\main\grid\bit\component\mapper\gridcell\GridCellMapper.class]
2022-01-21 19:23:41.516 TRACE 334504 --- [    Test worker] o.s.d.r.c.RepositoryComponentProvider    : Ignored because not matching any filter: file [D:\!_Tests_tasks\bit-grid\build\classes\java\main\grid\bit\component\mapper\gridcell\GridCellMapper.class]
2022-01-21 19:23:41.517 TRACE 334504 --- [    Test worker] o.s.d.r.c.RepositoryComponentProvider    : Scanning file [D:\!_Tests_tasks\bit-grid\build\classes\java\main\grid\bit\component\mapper\gridcell\GridCellMapperImpl.class]
2022-01-21 19:23:41.518 TRACE 334504 --- [    Test worker] o.s.d.r.c.RepositoryComponentProvider    : Ignored because not matching any filter: file [D:\!_Tests_tasks\bit-grid\build\classes\java\main\grid\bit\component\mapper\gridcell\GridCellMapperImpl.class]
2022-01-21 19:23:41.519 TRACE 334504 --- [    Test worker] o.s.d.r.c.RepositoryComponentProvider    : Scanning file [D:\!_Tests_tasks\bit-grid\build\classes\java\main\grid\bit\component\mapper\row\RowMapper.class]
2022-01-21 19:23:41.519 TRACE 334504 --- [    Test worker] o.s.d.r.c.RepositoryComponentProvider    : Ignored because not matching any filter: file [D:\!_Tests_tasks\bit-grid\build\classes\java\main\grid\bit\component\mapper\row\RowMapper.class]
2022-01-21 19:23:41.520 TRACE 334504 --- [    Test worker] o.s.d.r.c.RepositoryComponentProvider    : Scanning file [D:\!_Tests_tasks\bit-grid\build\classes\java\main\grid\bit\component\mapper\row\RowMapperImpl.class]
2022-01-21 19:23:41.521 TRACE 334504 --- [    Test worker] o.s.d.r.c.RepositoryComponentProvider    : Ignored because not matching any filter: file [D:\!_Tests_tasks\bit-grid\build\classes\java\main\grid\bit\component\mapper\row\RowMapperImpl.class]
2022-01-21 19:23:41.522 TRACE 334504 --- [    Test worker] o.s.d.r.c.RepositoryComponentProvider    : Scanning file [D:\!_Tests_tasks\bit-grid\build\classes\java\main\grid\bit\controller\GridCellController.class]
2022-01-21 19:23:41.522 TRACE 334504 --- [    Test worker] o.s.d.r.c.RepositoryComponentProvider    : Ignored because not matching any filter: file [D:\!_Tests_tasks\bit-grid\build\classes\java\main\grid\bit\controller\GridCellController.class]
2022-01-21 19:23:41.522 TRACE 334504 --- [    Test worker] o.s.d.r.c.RepositoryComponentProvider    : Scanning file [D:\!_Tests_tasks\bit-grid\build\classes\java\main\grid\bit\controller\GridColumnController.class]
2022-01-21 19:23:41.523 TRACE 334504 --- [    Test worker] o.s.d.r.c.RepositoryComponentProvider    : Ignored because not matching any filter: file [D:\!_Tests_tasks\bit-grid\build\classes\java\main\grid\bit\controller\GridColumnController.class]
2022-01-21 19:23:41.523 TRACE 334504 --- [    Test worker] o.s.d.r.c.RepositoryComponentProvider    : Scanning file [D:\!_Tests_tasks\bit-grid\build\classes\java\main\grid\bit\controller\GridController.class]
2022-01-21 19:23:41.523 TRACE 334504 --- [    Test worker] o.s.d.r.c.RepositoryComponentProvider    : Ignored because not matching any filter: file [D:\!_Tests_tasks\bit-grid\build\classes\java\main\grid\bit\controller\GridController.class]
2022-01-21 19:23:41.523 TRACE 334504 --- [    Test worker] o.s.d.r.c.RepositoryComponentProvider    : Scanning file [D:\!_Tests_tasks\bit-grid\build\classes\java\main\grid\bit\controller\GridRowController.class]
2022-01-21 19:23:41.524 TRACE 334504 --- [    Test worker] o.s.d.r.c.RepositoryComponentProvider    : Ignored because not matching any filter: file [D:\!_Tests_tasks\bit-grid\build\classes\java\main\grid\bit\controller\GridRowController.class]
2022-01-21 19:23:41.524 TRACE 334504 --- [    Test worker] o.s.d.r.c.RepositoryComponentProvider    : Scanning file [D:\!_Tests_tasks\bit-grid\build\classes\java\main\grid\bit\controller\validateutils\IdValidateUtils.class]
2022-01-21 19:23:41.524 TRACE 334504 --- [    Test worker] o.s.d.r.c.RepositoryComponentProvider    : Ignored because not matching any filter: file [D:\!_Tests_tasks\bit-grid\build\classes\java\main\grid\bit\controller\validateutils\IdValidateUtils.class]
2022-01-21 19:23:41.525 TRACE 334504 --- [    Test worker] o.s.d.r.c.RepositoryComponentProvider    : Scanning file [D:\!_Tests_tasks\bit-grid\build\classes\java\main\grid\bit\exceptionhandlers\advices\CommonRestExceptionHandler.class]
2022-01-21 19:23:41.526 TRACE 334504 --- [    Test worker] o.s.d.r.c.RepositoryComponentProvider    : Ignored because not matching any filter: file [D:\!_Tests_tasks\bit-grid\build\classes\java\main\grid\bit\exceptionhandlers\advices\CommonRestExceptionHandler.class]
2022-01-21 19:23:41.526 TRACE 334504 --- [    Test worker] o.s.d.r.c.RepositoryComponentProvider    : Scanning file [D:\!_Tests_tasks\bit-grid\build\classes\java\main\grid\bit\exceptionhandlers\bean\ApiErrorResponse$Builder.class]
2022-01-21 19:23:41.526 TRACE 334504 --- [    Test worker] o.s.d.r.c.RepositoryComponentProvider    : Ignored because not matching any filter: file [D:\!_Tests_tasks\bit-grid\build\classes\java\main\grid\bit\exceptionhandlers\bean\ApiErrorResponse$Builder.class]
2022-01-21 19:23:41.526 TRACE 334504 --- [    Test worker] o.s.d.r.c.RepositoryComponentProvider    : Scanning file [D:\!_Tests_tasks\bit-grid\build\classes\java\main\grid\bit\exceptionhandlers\bean\ApiErrorResponse.class]
2022-01-21 19:23:41.526 TRACE 334504 --- [    Test worker] o.s.d.r.c.RepositoryComponentProvider    : Ignored because not matching any filter: file [D:\!_Tests_tasks\bit-grid\build\classes\java\main\grid\bit\exceptionhandlers\bean\ApiErrorResponse.class]
2022-01-21 19:23:41.526 TRACE 334504 --- [    Test worker] o.s.d.r.c.RepositoryComponentProvider    : Scanning file [D:\!_Tests_tasks\bit-grid\build\classes\java\main\grid\bit\exceptionhandlers\bean\ApiErrorsListResponse$Builder.class]
2022-01-21 19:23:41.527 TRACE 334504 --- [    Test worker] o.s.d.r.c.RepositoryComponentProvider    : Ignored because not matching any filter: file [D:\!_Tests_tasks\bit-grid\build\classes\java\main\grid\bit\exceptionhandlers\bean\ApiErrorsListResponse$Builder.class]
2022-01-21 19:23:41.528 TRACE 334504 --- [    Test worker] o.s.d.r.c.RepositoryComponentProvider    : Scanning file [D:\!_Tests_tasks\bit-grid\build\classes\java\main\grid\bit\exceptionhandlers\bean\ApiErrorsListResponse.class]
2022-01-21 19:23:41.528 TRACE 334504 --- [    Test worker] o.s.d.r.c.RepositoryComponentProvider    : Ignored because not matching any filter: file [D:\!_Tests_tasks\bit-grid\build\classes\java\main\grid\bit\exceptionhandlers\bean\ApiErrorsListResponse.class]
2022-01-21 19:23:41.528 TRACE 334504 --- [    Test worker] o.s.d.r.c.RepositoryComponentProvider    : Scanning file [D:\!_Tests_tasks\bit-grid\build\classes\java\main\grid\bit\exceptionhandlers\exceptions\IdConstraintExceptions.class]
2022-01-21 19:23:41.528 TRACE 334504 --- [    Test worker] o.s.d.r.c.RepositoryComponentProvider    : Ignored because not matching any filter: file [D:\!_Tests_tasks\bit-grid\build\classes\java\main\grid\bit\exceptionhandlers\exceptions\IdConstraintExceptions.class]
2022-01-21 19:23:41.529 TRACE 334504 --- [    Test worker] o.s.d.r.c.RepositoryComponentProvider    : Scanning file [D:\!_Tests_tasks\bit-grid\build\classes\java\main\grid\bit\exceptionhandlers\exceptions\NotFoundColumnException.class]
2022-01-21 19:23:41.529 TRACE 334504 --- [    Test worker] o.s.d.r.c.RepositoryComponentProvider    : Ignored because not matching any filter: file [D:\!_Tests_tasks\bit-grid\build\classes\java\main\grid\bit\exceptionhandlers\exceptions\NotFoundColumnException.class]
2022-01-21 19:23:41.532 TRACE 334504 --- [    Test worker] o.s.d.r.c.RepositoryComponentProvider    : Scanning file [D:\!_Tests_tasks\bit-grid\build\classes\java\main\grid\bit\exceptionhandlers\exceptions\StringConstraintExceptions.class]
2022-01-21 19:23:41.532 TRACE 334504 --- [    Test worker] o.s.d.r.c.RepositoryComponentProvider    : Ignored because not matching any filter: file [D:\!_Tests_tasks\bit-grid\build\classes\java\main\grid\bit\exceptionhandlers\exceptions\StringConstraintExceptions.class]
2022-01-21 19:23:41.533 TRACE 334504 --- [    Test worker] o.s.d.r.c.RepositoryComponentProvider    : Scanning file [D:\!_Tests_tasks\bit-grid\build\classes\java\main\grid\bit\exceptionhandlers\exceptions\ValueForCellException.class]
2022-01-21 19:23:41.533 TRACE 334504 --- [    Test worker] o.s.d.r.c.RepositoryComponentProvider    : Ignored because not matching any filter: file [D:\!_Tests_tasks\bit-grid\build\classes\java\main\grid\bit\exceptionhandlers\exceptions\ValueForCellException.class]
2022-01-21 19:23:41.533 TRACE 334504 --- [    Test worker] o.s.d.r.c.RepositoryComponentProvider    : Scanning file [D:\!_Tests_tasks\bit-grid\build\classes\java\main\grid\bit\model\AbstractEntity.class]
2022-01-21 19:23:41.534 TRACE 334504 --- [    Test worker] o.s.d.r.c.RepositoryComponentProvider    : Ignored because not matching any filter: file [D:\!_Tests_tasks\bit-grid\build\classes\java\main\grid\bit\model\AbstractEntity.class]
2022-01-21 19:23:41.535 TRACE 334504 --- [    Test worker] o.s.d.r.c.RepositoryComponentProvider    : Scanning file [D:\!_Tests_tasks\bit-grid\build\classes\java\main\grid\bit\model\Grid.class]
2022-01-21 19:23:41.536 TRACE 334504 --- [    Test worker] o.s.d.r.c.RepositoryComponentProvider    : Ignored because not matching any filter: file [D:\!_Tests_tasks\bit-grid\build\classes\java\main\grid\bit\model\Grid.class]
2022-01-21 19:23:41.537 TRACE 334504 --- [    Test worker] o.s.d.r.c.RepositoryComponentProvider    : Scanning file [D:\!_Tests_tasks\bit-grid\build\classes\java\main\grid\bit\model\GridCell.class]
2022-01-21 19:23:41.537 TRACE 334504 --- [    Test worker] o.s.d.r.c.RepositoryComponentProvider    : Ignored because not matching any filter: file [D:\!_Tests_tasks\bit-grid\build\classes\java\main\grid\bit\model\GridCell.class]
2022-01-21 19:23:41.538 TRACE 334504 --- [    Test worker] o.s.d.r.c.RepositoryComponentProvider    : Scanning file [D:\!_Tests_tasks\bit-grid\build\classes\java\main\grid\bit\model\GridCellPK.class]
2022-01-21 19:23:41.538 TRACE 334504 --- [    Test worker] o.s.d.r.c.RepositoryComponentProvider    : Ignored because not matching any filter: file [D:\!_Tests_tasks\bit-grid\build\classes\java\main\grid\bit\model\GridCellPK.class]
2022-01-21 19:23:41.538 TRACE 334504 --- [    Test worker] o.s.d.r.c.RepositoryComponentProvider    : Scanning file [D:\!_Tests_tasks\bit-grid\build\classes\java\main\grid\bit\model\GridColumn.class]
2022-01-21 19:23:41.539 TRACE 334504 --- [    Test worker] o.s.d.r.c.RepositoryComponentProvider    : Ignored because not matching any filter: file [D:\!_Tests_tasks\bit-grid\build\classes\java\main\grid\bit\model\GridColumn.class]
2022-01-21 19:23:41.539 TRACE 334504 --- [    Test worker] o.s.d.r.c.RepositoryComponentProvider    : Scanning file [D:\!_Tests_tasks\bit-grid\build\classes\java\main\grid\bit\model\GridRow.class]
2022-01-21 19:23:41.539 TRACE 334504 --- [    Test worker] o.s.d.r.c.RepositoryComponentProvider    : Ignored because not matching any filter: file [D:\!_Tests_tasks\bit-grid\build\classes\java\main\grid\bit\model\GridRow.class]
2022-01-21 19:23:41.539 TRACE 334504 --- [    Test worker] o.s.d.r.c.RepositoryComponentProvider    : Scanning file [D:\!_Tests_tasks\bit-grid\build\classes\java\main\grid\bit\repository\GridCellRepository.class]
2022-01-21 19:23:41.542 DEBUG 334504 --- [    Test worker] o.s.d.r.c.RepositoryComponentProvider    : Identified candidate component class: file [D:\!_Tests_tasks\bit-grid\build\classes\java\main\grid\bit\repository\GridCellRepository.class]
2022-01-21 19:23:41.543 TRACE 334504 --- [    Test worker] o.s.d.r.c.RepositoryComponentProvider    : Scanning file [D:\!_Tests_tasks\bit-grid\build\classes\java\main\grid\bit\repository\GridColumnRepository.class]
2022-01-21 19:23:41.548 DEBUG 334504 --- [    Test worker] o.s.d.r.c.RepositoryComponentProvider    : Identified candidate component class: file [D:\!_Tests_tasks\bit-grid\build\classes\java\main\grid\bit\repository\GridColumnRepository.class]
2022-01-21 19:23:41.548 TRACE 334504 --- [    Test worker] o.s.d.r.c.RepositoryComponentProvider    : Scanning file [D:\!_Tests_tasks\bit-grid\build\classes\java\main\grid\bit\repository\GridRepository.class]
2022-01-21 19:23:41.549 DEBUG 334504 --- [    Test worker] o.s.d.r.c.RepositoryComponentProvider    : Identified candidate component class: file [D:\!_Tests_tasks\bit-grid\build\classes\java\main\grid\bit\repository\GridRepository.class]
2022-01-21 19:23:41.549 TRACE 334504 --- [    Test worker] o.s.d.r.c.RepositoryComponentProvider    : Scanning file [D:\!_Tests_tasks\bit-grid\build\classes\java\main\grid\bit\repository\GridRowRepository.class]
2022-01-21 19:23:41.549 DEBUG 334504 --- [    Test worker] o.s.d.r.c.RepositoryComponentProvider    : Identified candidate component class: file [D:\!_Tests_tasks\bit-grid\build\classes\java\main\grid\bit\repository\GridRowRepository.class]
2022-01-21 19:23:41.550 TRACE 334504 --- [    Test worker] o.s.d.r.c.RepositoryComponentProvider    : Scanning file [D:\!_Tests_tasks\bit-grid\build\classes\java\main\grid\bit\service\column\GridColumnService.class]
2022-01-21 19:23:41.550 TRACE 334504 --- [    Test worker] o.s.d.r.c.RepositoryComponentProvider    : Ignored because not matching any filter: file [D:\!_Tests_tasks\bit-grid\build\classes\java\main\grid\bit\service\column\GridColumnService.class]
2022-01-21 19:23:41.551 TRACE 334504 --- [    Test worker] o.s.d.r.c.RepositoryComponentProvider    : Scanning file [D:\!_Tests_tasks\bit-grid\build\classes\java\main\grid\bit\service\dto\GridDto.class]
2022-01-21 19:23:41.552 TRACE 334504 --- [    Test worker] o.s.d.r.c.RepositoryComponentProvider    : Ignored because not matching any filter: file [D:\!_Tests_tasks\bit-grid\build\classes\java\main\grid\bit\service\dto\GridDto.class]
2022-01-21 19:23:41.552 TRACE 334504 --- [    Test worker] o.s.d.r.c.RepositoryComponentProvider    : Scanning file [D:\!_Tests_tasks\bit-grid\build\classes\java\main\grid\bit\service\grid\GridService.class]
2022-01-21 19:23:41.553 TRACE 334504 --- [    Test worker] o.s.d.r.c.RepositoryComponentProvider    : Ignored because not matching any filter: file [D:\!_Tests_tasks\bit-grid\build\classes\java\main\grid\bit\service\grid\GridService.class]
2022-01-21 19:23:41.553 TRACE 334504 --- [    Test worker] o.s.d.r.c.RepositoryComponentProvider    : Scanning file [D:\!_Tests_tasks\bit-grid\build\classes\java\main\grid\bit\service\gridcell\GridCellService.class]
2022-01-21 19:23:41.553 TRACE 334504 --- [    Test worker] o.s.d.r.c.RepositoryComponentProvider    : Ignored because not matching any filter: file [D:\!_Tests_tasks\bit-grid\build\classes\java\main\grid\bit\service\gridcell\GridCellService.class]
2022-01-21 19:23:41.553 TRACE 334504 --- [    Test worker] o.s.d.r.c.RepositoryComponentProvider    : Scanning file [D:\!_Tests_tasks\bit-grid\build\classes\java\main\grid\bit\service\row\GridRowService.class]
2022-01-21 19:23:41.554 TRACE 334504 --- [    Test worker] o.s.d.r.c.RepositoryComponentProvider    : Ignored because not matching any filter: file [D:\!_Tests_tasks\bit-grid\build\classes\java\main\grid\bit\service\row\GridRowService.class]
2022-01-21 19:23:41.554 TRACE 334504 --- [    Test worker] o.s.d.r.c.RepositoryComponentProvider    : Scanning file [D:\!_Tests_tasks\bit-grid\build\classes\java\main\grid\bit\service\utils\StringUtils.class]
2022-01-21 19:23:41.554 TRACE 334504 --- [    Test worker] o.s.d.r.c.RepositoryComponentProvider    : Ignored because not matching any filter: file [D:\!_Tests_tasks\bit-grid\build\classes\java\main\grid\bit\service\utils\StringUtils.class]
2022-01-21 19:23:41.648 TRACE 334504 --- [    Test worker] .s.d.r.c.RepositoryConfigurationDelegate : Spring Data JPA - Registering repository: gridColumnRepository - Interface: grid.bit.repository.GridColumnRepository - Factory: org.springframework.data.jpa.repository.support.JpaRepositoryFactoryBean
2022-01-21 19:23:41.652 TRACE 334504 --- [    Test worker] .s.d.r.c.RepositoryConfigurationDelegate : Spring Data JPA - Registering repository: gridCellRepository - Interface: grid.bit.repository.GridCellRepository - Factory: org.springframework.data.jpa.repository.support.JpaRepositoryFactoryBean
2022-01-21 19:23:41.654 TRACE 334504 --- [    Test worker] .s.d.r.c.RepositoryConfigurationDelegate : Spring Data JPA - Registering repository: gridRepository - Interface: grid.bit.repository.GridRepository - Factory: org.springframework.data.jpa.repository.support.JpaRepositoryFactoryBean
2022-01-21 19:23:41.656 TRACE 334504 --- [    Test worker] .s.d.r.c.RepositoryConfigurationDelegate : Spring Data JPA - Registering repository: gridRowRepository - Interface: grid.bit.repository.GridRowRepository - Factory: org.springframework.data.jpa.repository.support.JpaRepositoryFactoryBean
2022-01-21 19:23:41.657  INFO 334504 --- [    Test worker] .s.d.r.c.RepositoryConfigurationDelegate : Finished Spring Data repository scanning in 213 ms. Found 4 JPA repository interfaces.
2022-01-21 19:23:43.250  INFO 334504 --- [    Test worker] com.zaxxer.hikari.HikariDataSource       : HikariPool-1 - Starting...
2022-01-21 19:23:43.450  INFO 334504 --- [    Test worker] com.zaxxer.hikari.HikariDataSource       : HikariPool-1 - Start completed.
2022-01-21 19:23:43.501  INFO 334504 --- [    Test worker] o.f.c.internal.license.VersionPrinter    : Flyway Community Edition 8.3.0 by Redgate
2022-01-21 19:23:43.502  INFO 334504 --- [    Test worker] o.f.c.i.database.base.BaseDatabaseType   : Database: jdbc:postgresql://192.168.99.100:5432/grid_test_db (PostgreSQL 13.3)
2022-01-21 19:23:43.607  INFO 334504 --- [    Test worker] o.f.core.internal.command.DbValidate     : Successfully validated 3 migrations (execution time 00:00.048s)
2022-01-21 19:23:43.641  INFO 334504 --- [    Test worker] o.f.core.internal.command.DbMigrate      : Current version of schema "public": 3
2022-01-21 19:23:43.642  WARN 334504 --- [    Test worker] o.f.core.internal.command.DbMigrate      : Schema "public" has a version (3) that is newer than the latest available migration (2) !
2022-01-21 19:23:43.644  INFO 334504 --- [    Test worker] o.f.core.internal.command.DbMigrate      : Schema "public" is up to date. No migration necessary.
2022-01-21 19:23:44.006  INFO 334504 --- [    Test worker] o.hibernate.jpa.internal.util.LogHelper  : HHH000204: Processing PersistenceUnitInfo [name: default]
2022-01-21 19:23:44.124  INFO 334504 --- [    Test worker] org.hibernate.Version                    : HHH000412: Hibernate ORM core version 5.6.3.Final
2022-01-21 19:23:44.574  INFO 334504 --- [    Test worker] o.hibernate.annotations.common.Version   : HCANN000001: Hibernate Commons Annotations {5.1.2.Final}
2022-01-21 19:23:44.810  INFO 334504 --- [    Test worker] org.hibernate.dialect.Dialect            : HHH000400: Using dialect: org.hibernate.dialect.PostgreSQL95Dialect
2022-01-21 19:23:46.136  INFO 334504 --- [    Test worker] o.h.e.t.j.p.i.JtaPlatformInitiator       : HHH000490: Using JtaPlatform implementation: [org.hibernate.engine.transaction.jta.platform.internal.NoJtaPlatform]
2022-01-21 19:23:46.152  INFO 334504 --- [    Test worker] j.LocalContainerEntityManagerFactoryBean : Initialized JPA EntityManagerFactory for persistence unit 'default'
2022-01-21 19:23:46.459 DEBUG 334504 --- [    Test worker] .c.JpaMetamodelMappingContextFactoryBean : Initializing JpaMetamodelMappingContext…
2022-01-21 19:23:46.505 DEBUG 334504 --- [    Test worker] .c.JpaMetamodelMappingContextFactoryBean : Finished initializing JpaMetamodelMappingContext!
2022-01-21 19:23:46.778 DEBUG 334504 --- [    Test worker] o.s.d.r.c.s.RepositoryFactorySupport     : Initializing repository instance for grid.bit.repository.GridCellRepository…
2022-01-21 19:23:46.936 DEBUG 334504 --- [    Test worker] o.s.d.jpa.repository.query.NamedQuery    : Looking up named query GridCell.findByGridColumnIdAndGridRowId
2022-01-21 19:23:46.954 DEBUG 334504 --- [    Test worker] o.s.d.jpa.repository.query.NamedQuery    : Did not find named query GridCell.findByGridColumnIdAndGridRowId
2022-01-21 19:23:47.115 DEBUG 334504 --- [    Test worker] o.s.d.jpa.repository.query.NamedQuery    : Looking up named query GridCell.findByGridColumnId
2022-01-21 19:23:47.116 DEBUG 334504 --- [    Test worker] o.s.d.jpa.repository.query.NamedQuery    : Did not find named query GridCell.findByGridColumnId
2022-01-21 19:23:47.123 DEBUG 334504 --- [    Test worker] o.s.d.r.c.s.RepositoryFactorySupport     : Finished creation of repository instance for {}.
2022-01-21 19:23:47.201 DEBUG 334504 --- [    Test worker] o.s.d.r.c.s.RepositoryFactorySupport     : Initializing repository instance for grid.bit.repository.GridColumnRepository…
2022-01-21 19:23:47.298 DEBUG 334504 --- [    Test worker] o.s.d.r.c.s.RepositoryFactorySupport     : Finished creation of repository instance for {}.
2022-01-21 19:23:47.313 DEBUG 334504 --- [    Test worker] o.s.d.r.c.s.RepositoryFactorySupport     : Initializing repository instance for grid.bit.repository.GridRowRepository…
2022-01-21 19:23:47.361 DEBUG 334504 --- [    Test worker] o.s.d.jpa.repository.query.NamedQuery    : Looking up named query GridRow.findByGridId
2022-01-21 19:23:47.362 DEBUG 334504 --- [    Test worker] o.s.d.jpa.repository.query.NamedQuery    : Did not find named query GridRow.findByGridId
2022-01-21 19:23:47.378 DEBUG 334504 --- [    Test worker] o.s.d.r.c.s.RepositoryFactorySupport     : Finished creation of repository instance for {}.
2022-01-21 19:23:47.400 DEBUG 334504 --- [    Test worker] o.s.d.r.c.s.RepositoryFactorySupport     : Initializing repository instance for grid.bit.repository.GridRepository…
2022-01-21 19:23:47.502 DEBUG 334504 --- [    Test worker] o.s.d.jpa.repository.query.NamedQuery    : Did not find named query Grid.updateName.count
2022-01-21 19:23:47.520 DEBUG 334504 --- [    Test worker] o.s.d.r.c.s.RepositoryFactorySupport     : Finished creation of repository instance for {}.
2022-01-21 19:23:49.836  INFO 334504 --- [    Test worker] o.s.b.t.m.w.SpringBootMockServletContext : Initializing Spring TestDispatcherServlet ''
2022-01-21 19:23:49.837  INFO 334504 --- [    Test worker] o.s.t.web.servlet.TestDispatcherServlet  : Initializing Servlet ''
2022-01-21 19:23:49.839  INFO 334504 --- [    Test worker] o.s.t.web.servlet.TestDispatcherServlet  : Completed initialization in 2 ms
2022-01-21 19:23:49.883  INFO 334504 --- [    Test worker] g.bit.controller.GridCellControllerTest  : Started GridCellControllerTest in 11.55 seconds (JVM running for 14.575)
2022-01-21 19:23:50.589 TRACE 334504 --- [    Test worker] toryAnnotationTransactionAttributeSource : Adding transactional method 'org.springframework.data.jpa.repository.support.SimpleJpaRepository.existsById' with attribute: PROPAGATION_REQUIRED,ISOLATION_DEFAULT,readOnly
2022-01-21 19:23:50.846 DEBUG 334504 --- [    Test worker] org.hibernate.SQL                        : 
    select
        count(*) as col_0_0_ 
    from
        grid_column gridcolumn0_ 
    where
        gridcolumn0_.id=?
2022-01-21 19:23:50.850 TRACE 334504 --- [    Test worker] o.h.type.descriptor.sql.BasicBinder      : binding parameter [1] as [BIGINT] - [55500055530]
2022-01-21 19:23:50.864 TRACE 334504 --- [    Test worker] toryAnnotationTransactionAttributeSource : Adding transactional method 'org.springframework.data.jpa.repository.support.SimpleJpaRepository.existsById' with attribute: PROPAGATION_REQUIRED,ISOLATION_DEFAULT,readOnly
2022-01-21 19:23:50.870 DEBUG 334504 --- [    Test worker] org.hibernate.SQL                        : 
    select
        count(*) as col_0_0_ 
    from
        grid_row gridrow0_ 
    where
        gridrow0_.id=?
2022-01-21 19:23:50.870 TRACE 334504 --- [    Test worker] o.h.type.descriptor.sql.BasicBinder      : binding parameter [1] as [BIGINT] - [55500055540]
2022-01-21 19:23:50.874 TRACE 334504 --- [    Test worker] toryAnnotationTransactionAttributeSource : Adding transactional method 'org.springframework.data.jpa.repository.support.SimpleJpaRepository.findById' with attribute: PROPAGATION_REQUIRED,ISOLATION_DEFAULT,readOnly
2022-01-21 19:23:50.899 DEBUG 334504 --- [    Test worker] org.hibernate.SQL                        : 
    select
        gridcolumn0_.id as id1_2_0_,
        gridcolumn0_.grid_id as grid_id3_2_0_,
        gridcolumn0_.number as number2_2_0_,
        grid1_.id as id1_0_1_,
        grid1_.cell_size as cell_siz2_0_1_,
        grid1_.name as name3_0_1_ 
    from
        grid_column gridcolumn0_ 
    left outer join
        grid grid1_ 
            on gridcolumn0_.grid_id=grid1_.id 
    where
        gridcolumn0_.id=?
2022-01-21 19:23:50.900 TRACE 334504 --- [    Test worker] o.h.type.descriptor.sql.BasicBinder      : binding parameter [1] as [BIGINT] - [55500055530]
2022-01-21 19:23:51.002 TRACE 334504 --- [    Test worker] toryAnnotationTransactionAttributeSource : Adding transactional method 'org.springframework.data.jpa.repository.support.SimpleJpaRepository.save' with attribute: PROPAGATION_REQUIRED,ISOLATION_DEFAULT
2022-01-21 19:23:51.047 DEBUG 334504 --- [    Test worker] org.hibernate.SQL                        : 
    select
        gridcell0_.grid_column_id as grid_col1_1_0_,
        gridcell0_.grid_row_id as grid_row2_1_0_,
        gridcell0_.value as value3_1_0_ 
    from
        grid_cell gridcell0_ 
    where
        gridcell0_.grid_column_id=? 
        and gridcell0_.grid_row_id=?
2022-01-21 19:23:51.048 TRACE 334504 --- [    Test worker] o.h.type.descriptor.sql.BasicBinder      : binding parameter [1] as [BIGINT] - [55500055530]
2022-01-21 19:23:51.049 TRACE 334504 --- [    Test worker] o.h.type.descriptor.sql.BasicBinder      : binding parameter [2] as [BIGINT] - [55500055540]
2022-01-21 19:23:51.104 DEBUG 334504 --- [    Test worker] org.hibernate.SQL                        : 
    insert 
    into
        grid_cell
        (value, grid_column_id, grid_row_id) 
    values
        (?, ?, ?)
2022-01-21 19:23:51.106 TRACE 334504 --- [    Test worker] o.h.type.descriptor.sql.BasicBinder      : binding parameter [1] as [VARCHAR] - [100110111011]
2022-01-21 19:23:51.109 TRACE 334504 --- [    Test worker] o.h.type.descriptor.sql.BasicBinder      : binding parameter [2] as [BIGINT] - [55500055530]
2022-01-21 19:23:51.112 TRACE 334504 --- [    Test worker] o.h.type.descriptor.sql.BasicBinder      : binding parameter [3] as [BIGINT] - [55500055540]
2022-01-21 19:23:51.283 DEBUG 334504 --- [    Test worker] org.hibernate.SQL                        : 
    select
        gridcell0_.grid_column_id as grid_col1_1_,
        gridcell0_.grid_row_id as grid_row2_1_,
        gridcell0_.value as value3_1_ 
    from
        grid_cell gridcell0_ 
    where
        gridcell0_.grid_column_id=? 
        and gridcell0_.grid_row_id=?
2022-01-21 19:23:51.287 TRACE 334504 --- [    Test worker] o.h.type.descriptor.sql.BasicBinder      : binding parameter [1] as [BIGINT] - [55500055530]
2022-01-21 19:23:51.287 TRACE 334504 --- [    Test worker] o.h.type.descriptor.sql.BasicBinder      : binding parameter [2] as [BIGINT] - [55500055540]
]]></system-out>
  <system-err><![CDATA[]]></system-err>
</testsuite>
